\BOOKMARK [1][-]{section.1}{Punto 2. Creaci\363n de la BD}{}% 1
\BOOKMARK [2][-]{subsection.1.1}{ Ejercicio 2.6: Modifica el esquema de la tabla plantilla a\361adiendo un nuevo atributo llamado fechabaja de tipo date.}{section.1}% 2
\BOOKMARK [2][-]{subsection.1.2}{ Ejercicio 2.8: Ejecuta la sentencia SELECT para mostrar el contenido de las tablas PRUEBA2 y PLANTILLA. Intenta mostrar s\363lo algunos campos de las mismas.}{section.1}% 3
\BOOKMARK [2][-]{subsection.1.3}{Ejercicio 2.9 Ejecuta la sentencia UPDATE sobre la tabla plantilla y cambia el nombre del trabajador con dni \22012345678\220 a \220Luis\220.}{section.1}% 4
\BOOKMARK [2][-]{subsection.1.4}{Ejercicio 2.10 Borra todas las tuplas de la tabla plantilla. SQL> DELETE FROM plantilla; En este caso da un mensaje de error \(\277por qu\351?\). Aunque s\355 podr\355amos borrar las tuplas de la tabla serjefe. SQL> DELETE FROM serjefe;}{section.1}% 5
\BOOKMARK [2][-]{subsection.1.5}{Ejercicio 2.11 A continuaci\363n vamos a tratar de insertar algunas tuplas nuevas en ventas. Comprueba que se introducen correctamente y, en caso contrario, razona por qu\351 da error.}{section.1}% 6
\BOOKMARK [2][-]{subsection.1.6}{Ejercicio 2.12 Actualizar la fecha del proveedor S5 al a\361o 2005\220}{section.1}% 7
\BOOKMARK [2][-]{subsection.1.7}{Ejercicio 2.13 Para mostrar la columna FECHA con un formato espec\355fico e imprimirla, utilizar la siguiente sentencia:}{section.1}% 8
\BOOKMARK [2][-]{subsection.1.8}{Ejercicio 2.14 Dado el esquema siguiente de la base de datos de una liga de baloncesto:}{section.1}% 9
\BOOKMARK [2][-]{subsection.1.9}{Ejercicio 2.15 Preparar un archivo para la introducci\363n de datos en las tablas Equipos, Jugadores, Encuentros y Faltas, conforme a los siguientes criterios, para que nos permitan realizar consultas con resultados significativos. Que se inserten 4 equipos con 5 jugadores en cada uno. Que se inserten 10 encuentros \(no se ha terminado la liga\). Que se inserten los resultados esos encuentros dejando un \372nico equipo invicto.}{section.1}% 10
\BOOKMARK [1][-]{section.2}{Punto 3. PRACTICA 2, CONSULTAS.}{}% 11
\BOOKMARK [2][-]{subsection.2.1}{Ejercicio 3.1 Comprueba el resultado de la proyecci\363n. \277Es \351ste conforme a lo que se obtiene en el AR?}{section.2}% 12
\BOOKMARK [2][-]{subsection.2.2}{Ejercicio 3.2 Muestra los suministros realizados \(tan solo los c\363digos de los componentes de una venta\). \277Es necesario utilizar DISTINCT?}{section.2}% 13
\BOOKMARK [2][-]{subsection.2.3}{Ejercicio 3.3 Muestra las piezas de Madrid que son grises o rojas.}{section.2}% 14
\BOOKMARK [2][-]{subsection.2.4}{Ejercicio 3.4 Encontrar todos los suministros cuya cantidad est\341 entre 200 y 300, ambos inclusive.}{section.2}% 15
\BOOKMARK [2][-]{subsection.2.5}{Ejercicio 3.5 Mostrar las piezas que contengan la palabra tornillo con la t en may\372scula o en min\372scula.}{section.2}% 16
\BOOKMARK [2][-]{subsection.2.6}{ Ejercicio 3.6 Comprueba que no devuelve ninguna. Pero SI que hay!!!}{section.2}% 17
\BOOKMARK [2][-]{subsection.2.7}{Ejercicio 3.7 Resolver la consulta del ejemplo 3.8 utilizando el operador .}{section.2}% 18
\BOOKMARK [2][-]{subsection.2.8}{Ejercicio 3.8 Encontrar los c\363digos de aquellos proyectos a los que s\363lo abastece \220S1\220.}{section.2}% 19
\BOOKMARK [2][-]{subsection.2.9}{Ejercicio 3.9 Mostrar todas las ciudades de la base de datos. Utilizar UNION}{section.2}% 20
\BOOKMARK [2][-]{subsection.2.10}{Ejercicio 3.10 Mostrar todas las ciudades de la base de datos. Utilizar UNION ALL}{section.2}% 21
\BOOKMARK [2][-]{subsection.2.11}{Ejercicio 3.11 Comprueba cu\341ntas tuplas resultan del producto cartesiano aplicado a ventas y proveedor}{section.2}% 22
\BOOKMARK [2][-]{subsection.2.12}{Ejercicio 3.12 Mostrar las ternas que son de la misma ciudad pero que hayan realizado alguna venta.}{section.2}% 23
\BOOKMARK [2][-]{subsection.2.13}{Ejercicio 3.13 Encontrar parejas de proveedores que no viven en la misma ciudad.}{section.2}% 24
\BOOKMARK [2][-]{subsection.2.14}{Ejercicio 3.14 Encuentra las piezas con m\341ximo peso.}{section.2}% 25
\BOOKMARK [2][-]{subsection.2.15}{Ejercicio 3.15 Mostrar las piezas vendidas por los proveedores de Madrid.}{section.2}% 26
\BOOKMARK [2][-]{subsection.2.16}{Ejercicio 3.16 Encuentra la ciudad y los c\363digos de las piezas suministradas a cualquier proyecto por un proveedor que est\341 en la misma ciudad donde est\341 el proyecto.}{section.2}% 27
\BOOKMARK [2][-]{subsection.2.17}{Ejercicio 3.17 Comprobar la salida de la consulta anterior sin la cl\341usula ORDER BY.}{section.2}% 28
\BOOKMARK [2][-]{subsection.2.18}{Ejercicio 3.18 Listar las ventas ordenadas por cantidad, si algunas ventas coinciden en la cantidad se ordenan en funci\363n de la fecha de manera descendente.}{section.2}% 29
\BOOKMARK [2][-]{subsection.2.19}{Ejercicio 3.19 Mostrar las piezas vendidas por los proveedores de Madrid. \(Fragmentando la consulta con ayuda del operador IN.\) Compara la soluci\363n con la del ejercicio 3.15.}{section.2}% 30
\BOOKMARK [2][-]{subsection.2.20}{Ejercicio 3.20 Encuentra los proyectos que est\341n en una ciudad donde se fabrica alguna pieza.}{section.2}% 31
\BOOKMARK [2][-]{subsection.2.21}{Ejercicio 3.21 Encuentra los c\363digos de aquellos proyectos que no utilizan ninguna pieza roja que est\351 suministrada por un proveedor de Londres.}{section.2}% 32
\BOOKMARK [2][-]{subsection.2.22}{Ejercicio 3.22 Muestra el c\363digo de las piezas cuyo peso es mayor que el peso de cualquier \220tornillo\220.}{section.2}% 33
\BOOKMARK [2][-]{subsection.2.23}{Ejercicio 3.23 Encuentra las piezas con peso m\341ximo. Compara esta soluci\363n con la obtenida en el ejercicio 3.14}{section.2}% 34
\BOOKMARK [2][-]{subsection.2.24}{Ejercicio 3.24 Encontrar los c\363digos de las piezas suministradas a todos los proyectos localizados en Londres.}{section.2}% 35
\BOOKMARK [2][-]{subsection.2.25}{Ejercicio 3.25 Encontrar aquellos proveedores que env\355an piezas procedentes de todas las ciudades donde hay un proyecto.}{section.2}% 36
